f:\code_projects\c project\scau_data_structure\final_lab\railway_ticket_manage\x64\release\vc143.pdb
f:\code_projects\c project\scau_data_structure\final_lab\railway_ticket_manage\x64\release\variables_lib.obj
f:\code_projects\c project\scau_data_structure\final_lab\railway_ticket_manage\x64\release\userfunction.obj
f:\code_projects\c project\scau_data_structure\final_lab\railway_ticket_manage\x64\release\ticket_manage.obj
f:\code_projects\c project\scau_data_structure\final_lab\railway_ticket_manage\x64\release\test.obj
f:\code_projects\c project\scau_data_structure\final_lab\railway_ticket_manage\x64\release\search.obj
f:\code_projects\c project\scau_data_structure\final_lab\railway_ticket_manage\x64\release\order_manage.obj
f:\code_projects\c project\scau_data_structure\final_lab\railway_ticket_manage\x64\release\main.obj
f:\code_projects\c project\scau_data_structure\final_lab\railway_ticket_manage\x64\release\file_operation.obj
f:\code_projects\c project\scau_data_structure\final_lab\railway_ticket_manage\x64\release\display.obj
f:\code_projects\c project\scau_data_structure\final_lab\railway_ticket_manage\x64\release\basic_function.obj
f:\code_projects\c project\scau_data_structure\final_lab\railway_ticket_manage\x64\release\railway_ticket_manage.exe
f:\code_projects\c project\scau_data_structure\final_lab\railway_ticket_manage\x64\release\railway_ticket_manage.pdb
f:\code_projects\c project\scau_data_structure\final_lab\railway_ticket_manage\x64\release\railway_ticket_manage.ipdb
f:\code_projects\c project\scau_data_structure\final_lab\railway_ticket_manage\x64\release\railway_ticket_manage.iobj
f:\code_projects\c project\scau_data_structure\final_lab\railway_ticket_manage\x64\release\railway_.bb486f4d.tlog\cl.command.1.tlog
f:\code_projects\c project\scau_data_structure\final_lab\railway_ticket_manage\x64\release\railway_.bb486f4d.tlog\cl.read.1.tlog
f:\code_projects\c project\scau_data_structure\final_lab\railway_ticket_manage\x64\release\railway_.bb486f4d.tlog\cl.write.1.tlog
f:\code_projects\c project\scau_data_structure\final_lab\railway_ticket_manage\x64\release\railway_.bb486f4d.tlog\link.command.1.tlog
f:\code_projects\c project\scau_data_structure\final_lab\railway_ticket_manage\x64\release\railway_.bb486f4d.tlog\link.read.1.tlog
f:\code_projects\c project\scau_data_structure\final_lab\railway_ticket_manage\x64\release\railway_.bb486f4d.tlog\link.write.1.tlog
f:\code_projects\c project\scau_data_structure\final_lab\railway_ticket_manage\x64\release\railway_.bb486f4d.tlog\link.write.2u.tlog
